2018-05-12 21:51:06,057 ERROR [Extension Checker for http://master.dl.sourceforge.net/project/sapnweclipse/updates/] - System.err - Exception in thread "Extension Checker for http://master.dl.sourceforge.net/project/sapnweclipse/updates/"
2018-05-12 21:51:06,059 ERROR [Extension Checker for http://master.dl.sourceforge.net/project/sapnweclipse/updates/] - System.err - java.lang.NullPointerException
2018-05-12 21:51:06,060 ERROR [Extension Checker for http://master.dl.sourceforge.net/project/sapnweclipse/updates/] - System.err - at org.eclipse.wst.server.discovery.internal.model.ExtensionUpdateSite.getExtensions(ExtensionUpdateSite.java:168)
2018-05-12 21:51:06,060 ERROR [Extension Checker for http://master.dl.sourceforge.net/project/sapnweclipse/updates/] - System.err - at org.eclipse.wst.server.discovery.internal.ExtensionUtility$1.run(ExtensionUtility.java:507)
2018-05-12 21:51:18,831 ERROR [Extension Checker for http://public.dhe.ibm.com/ibmdl/export/pub/software/websphere/wasdev/updates/libertyAdapter/neon/] - System.err - Exception in thread "Extension Checker for http://public.dhe.ibm.com/ibmdl/export/pub/software/websphere/wasdev/updates/libertyAdapter/neon/"
2018-05-12 21:51:18,838 ERROR [Extension Checker for http://public.dhe.ibm.com/ibmdl/export/pub/software/websphere/wasdev/updates/libertyAdapter/neon/] - System.err - java.lang.NullPointerException
2018-05-12 21:51:18,838 ERROR [Extension Checker for http://public.dhe.ibm.com/ibmdl/export/pub/software/websphere/wasdev/updates/libertyAdapter/neon/] - System.err - at org.eclipse.wst.server.discovery.internal.model.ExtensionUpdateSite.getExtensions(ExtensionUpdateSite.java:168)
2018-05-12 21:51:18,838 ERROR [Extension Checker for http://public.dhe.ibm.com/ibmdl/export/pub/software/websphere/wasdev/updates/libertyAdapter/neon/] - System.err - at org.eclipse.wst.server.discovery.internal.ExtensionUtility$1.run(ExtensionUtility.java:507)
2018-05-12 21:51:20,048 ERROR [Extension Checker for http://jope.ow2.org/update/jope/] - System.err - Exception in thread "Extension Checker for http://jope.ow2.org/update/jope/"
2018-05-12 21:51:20,048 ERROR [Extension Checker for http://jope.ow2.org/update/jope/] - System.err - java.lang.NullPointerException
2018-05-12 21:51:20,048 ERROR [Extension Checker for http://jope.ow2.org/update/jope/] - System.err - at org.eclipse.wst.server.discovery.internal.model.ExtensionUpdateSite.getExtensions(ExtensionUpdateSite.java:168)
2018-05-12 21:51:20,048 ERROR [Extension Checker for http://jope.ow2.org/update/jope/] - System.err - at org.eclipse.wst.server.discovery.internal.ExtensionUtility$1.run(ExtensionUtility.java:507)
2018-05-12 21:51:21,126 ERROR [Extension Checker for http://www.caucho.com/eclipse/] - System.err - Exception in thread "Extension Checker for http://www.caucho.com/eclipse/"
2018-05-12 21:51:21,127 ERROR [Extension Checker for http://www.caucho.com/eclipse/] - System.err - java.lang.NullPointerException
2018-05-12 21:51:21,127 ERROR [Extension Checker for http://www.caucho.com/eclipse/] - System.err - at org.eclipse.wst.server.discovery.internal.model.ExtensionUpdateSite.getExtensions(ExtensionUpdateSite.java:168)
2018-05-12 21:51:21,127 ERROR [Extension Checker for http://www.caucho.com/eclipse/] - System.err - at org.eclipse.wst.server.discovery.internal.ExtensionUtility$1.run(ExtensionUtility.java:507)
2018-05-12 21:52:52,238 ERROR [Extension Checker for http://download.eclipse.org/jetty/updates/jetty-wtp/] - System.err - Exception in thread "Extension Checker for http://download.eclipse.org/jetty/updates/jetty-wtp/"
2018-05-12 21:52:52,239 ERROR [Extension Checker for http://download.eclipse.org/jetty/updates/jetty-wtp/] - System.err - java.lang.NullPointerException
2018-05-12 21:52:52,239 ERROR [Extension Checker for http://download.eclipse.org/jetty/updates/jetty-wtp/] - System.err - at org.eclipse.wst.server.discovery.internal.model.ExtensionUpdateSite.getExtensions(ExtensionUpdateSite.java:168)
2018-05-12 21:52:52,239 ERROR [Extension Checker for http://download.eclipse.org/jetty/updates/jetty-wtp/] - System.err - at org.eclipse.wst.server.discovery.internal.ExtensionUtility$1.run(ExtensionUtility.java:507)
2018-06-28 12:08:03,151 ERROR [main] - System.err - org.eclipse.swt.SWTException: Graphic is disposed
2018-06-28 12:08:03,178 ERROR [main] - System.err - at org.eclipse.swt.SWT.error(SWT.java:4533)
2018-06-28 12:08:03,179 ERROR [main] - System.err - at org.eclipse.swt.SWT.error(SWT.java:4448)
2018-06-28 12:08:03,179 ERROR [main] - System.err - at org.eclipse.swt.SWT.error(SWT.java:4419)
2018-06-28 12:08:03,179 ERROR [main] - System.err - at org.eclipse.swt.graphics.Font.getFontData(Font.java:192)
2018-06-28 12:08:03,179 ERROR [main] - System.err - at org.eclipse.e4.ui.css.swt.helpers.CSSSWTFontHelper.getFirstFontData(CSSSWTFontHelper.java:454)
2018-06-28 12:08:03,179 ERROR [main] - System.err - at org.eclipse.e4.ui.css.swt.properties.converters.CSSValueSWTFontDataConverterImpl.convert(CSSValueSWTFontDataConverterImpl.java:59)
2018-06-28 12:08:03,179 ERROR [main] - System.err - at org.eclipse.e4.ui.css.swt.properties.converters.CSSValueSWTFontConverterImpl.convert(CSSValueSWTFontConverterImpl.java:34)
2018-06-28 12:08:03,179 ERROR [main] - System.err - at org.eclipse.e4.ui.css.core.impl.engine.AbstractCSSEngine.convert(AbstractCSSEngine.java:1117)
2018-06-28 12:08:03,179 ERROR [main] - System.err - at org.eclipse.e4.ui.css.swt.properties.css2.CSSPropertyFontSWTHandler.onAllCSSPropertiesApplyed(CSSPropertyFontSWTHandler.java:251)
2018-06-28 12:08:03,179 ERROR [main] - System.err - at org.eclipse.e4.ui.css.core.dom.properties.ICSSPropertyHandler2.onAllCSSPropertiesApplyed(ICSSPropertyHandler2.java:44)
2018-06-28 12:08:03,179 ERROR [main] - System.err - at org.eclipse.e4.ui.css.core.impl.engine.AbstractCSSEngine.applyStyleDeclaration(AbstractCSSEngine.java:577)
2018-06-28 12:08:03,179 ERROR [main] - System.err - at org.eclipse.e4.ui.css.core.impl.engine.AbstractCSSEngine.applyStyles(AbstractCSSEngine.java:422)
2018-06-28 12:08:03,179 ERROR [main] - System.err - at org.eclipse.e4.ui.css.core.impl.engine.AbstractCSSEngine.applyStyles(AbstractCSSEngine.java:363)
2018-06-28 12:08:03,179 ERROR [main] - System.err - at org.eclipse.e4.ui.css.swt.engine.CSSSWTApplyStylesListener$1.handleEvent(CSSSWTApplyStylesListener.java:32)
2018-06-28 12:08:03,179 ERROR [main] - System.err - at org.eclipse.swt.widgets.EventTable.sendEvent(EventTable.java:84)
2018-06-28 12:08:03,179 ERROR [main] - System.err - at org.eclipse.swt.widgets.Display.sendEvent(Display.java:4418)
2018-06-28 12:08:03,179 ERROR [main] - System.err - at org.eclipse.swt.widgets.Display.sendEvent(Display.java:4410)
2018-06-28 12:08:03,179 ERROR [main] - System.err - at org.eclipse.swt.widgets.Display.runSkin(Display.java:4319)
2018-06-28 12:08:03,179 ERROR [main] - System.err - at org.eclipse.swt.widgets.Composite.updateLayout(Composite.java:1384)
2018-06-28 12:08:03,179 ERROR [main] - System.err - at org.eclipse.swt.widgets.Composite.sendResize(Composite.java:1062)
2018-06-28 12:08:03,179 ERROR [main] - System.err - at org.eclipse.swt.widgets.Composite.setBoundsInPixels(Composite.java:1108)
2018-06-28 12:08:03,179 ERROR [main] - System.err - at org.eclipse.swt.widgets.Control.setBoundsInPixels(Control.java:3220)
2018-06-28 12:08:03,179 ERROR [main] - System.err - at org.eclipse.swt.widgets.Control.setBoundsInPixels(Control.java:3216)
2018-06-28 12:08:03,180 ERROR [main] - System.err - at org.eclipse.swt.widgets.Control.setBounds(Control.java:3211)
2018-06-28 12:08:03,180 ERROR [main] - System.err - at org.eclipse.swt.layout.FillLayout.layout(FillLayout.java:204)
2018-06-28 12:08:03,180 ERROR [main] - System.err - at org.eclipse.swt.widgets.Composite.updateLayout(Composite.java:1386)
2018-06-28 12:08:03,180 ERROR [main] - System.err - at org.eclipse.swt.widgets.Composite.sendResize(Composite.java:1062)
2018-06-28 12:08:03,180 ERROR [main] - System.err - at org.eclipse.swt.widgets.Composite.setBoundsInPixels(Composite.java:1108)
2018-06-28 12:08:03,180 ERROR [main] - System.err - at org.eclipse.swt.widgets.Control.setBoundsInPixels(Control.java:3220)
2018-06-28 12:08:03,180 ERROR [main] - System.err - at org.eclipse.swt.widgets.Control.setBoundsInPixels(Control.java:3216)
2018-06-28 12:08:03,180 ERROR [main] - System.err - at org.eclipse.swt.widgets.Control.setBounds(Control.java:3211)
2018-06-28 12:08:03,180 ERROR [main] - System.err - at org.eclipse.swt.layout.FillLayout.layout(FillLayout.java:204)
2018-06-28 12:08:03,180 ERROR [main] - System.err - at org.eclipse.swt.widgets.Composite.updateLayout(Composite.java:1386)
2018-06-28 12:08:03,180 ERROR [main] - System.err - at org.eclipse.swt.widgets.Composite.sendResize(Composite.java:1062)
2018-06-28 12:08:03,180 ERROR [main] - System.err - at org.eclipse.swt.widgets.Composite.setBoundsInPixels(Composite.java:1108)
2018-06-28 12:08:03,180 ERROR [main] - System.err - at org.eclipse.swt.widgets.Control.setBoundsInPixels(Control.java:3220)
2018-06-28 12:08:03,180 ERROR [main] - System.err - at org.eclipse.swt.widgets.Control.setBoundsInPixels(Control.java:3216)
2018-06-28 12:08:03,180 ERROR [main] - System.err - at org.eclipse.swt.widgets.Control.setBoundsInPixels(Control.java:3292)
2018-06-28 12:08:03,180 ERROR [main] - System.err - at org.eclipse.swt.widgets.Control.setBounds(Control.java:3288)
2018-06-28 12:08:03,180 ERROR [main] - System.err - at org.eclipse.e4.ui.workbench.renderers.swt.SashLayout.setRectangle(SashLayout.java:301)
2018-06-28 12:08:03,181 ERROR [main] - System.err - at org.eclipse.e4.ui.workbench.renderers.swt.SashLayout.tileSubNodes(SashLayout.java:246)
2018-06-28 12:08:03,181 ERROR [main] - System.err - at org.eclipse.e4.ui.workbench.renderers.swt.SashLayout.tileSubNodes(SashLayout.java:289)
2018-06-28 12:08:03,181 ERROR [main] - System.err - at org.eclipse.e4.ui.workbench.renderers.swt.SashLayout.tileSubNodes(SashLayout.java:289)
2018-06-28 12:08:03,181 ERROR [main] - System.err - at org.eclipse.e4.ui.workbench.renderers.swt.SashLayout.tileSubNodes(SashLayout.java:289)
2018-06-28 12:08:03,181 ERROR [main] - System.err - at org.eclipse.e4.ui.workbench.renderers.swt.SashLayout.layout(SashLayout.java:163)
2018-06-28 12:08:03,181 ERROR [main] - System.err - at org.eclipse.swt.widgets.Composite.updateLayout(Composite.java:1386)
2018-06-28 12:08:03,181 ERROR [main] - System.err - at org.eclipse.swt.widgets.Composite.sendResize(Composite.java:1062)
2018-06-28 12:08:03,181 ERROR [main] - System.err - at org.eclipse.swt.widgets.Composite.setBoundsInPixels(Composite.java:1108)
2018-06-28 12:08:03,181 ERROR [main] - System.err - at org.eclipse.swt.widgets.Control.setBoundsInPixels(Control.java:3220)
2018-06-28 12:08:03,181 ERROR [main] - System.err - at org.eclipse.swt.widgets.Control.setBoundsInPixels(Control.java:3216)
2018-06-28 12:08:03,181 ERROR [main] - System.err - at org.eclipse.swt.widgets.Control.setBounds(Control.java:3211)
2018-06-28 12:08:03,182 ERROR [main] - System.err - at org.eclipse.swt.layout.FillLayout.layout(FillLayout.java:204)
2018-06-28 12:08:03,182 ERROR [main] - System.err - at org.eclipse.swt.widgets.Composite.updateLayout(Composite.java:1386)
2018-06-28 12:08:03,182 ERROR [main] - System.err - at org.eclipse.swt.widgets.Composite.WM_SIZE(Composite.java:1797)
2018-06-28 12:08:03,182 ERROR [main] - System.err - at org.eclipse.swt.widgets.Control.windowProc(Control.java:4874)
2018-06-28 12:08:03,182 ERROR [main] - System.err - at org.eclipse.swt.widgets.Display.windowProc(Display.java:5110)
2018-06-28 12:08:03,182 ERROR [main] - System.err - at org.eclipse.swt.internal.win32.OS.DefWindowProcW(Native Method)
2018-06-28 12:08:03,182 ERROR [main] - System.err - at org.eclipse.swt.internal.win32.OS.DefWindowProc(OS.java:2547)
2018-06-28 12:08:03,182 ERROR [main] - System.err - at org.eclipse.swt.widgets.Scrollable.callWindowProc(Scrollable.java:88)
2018-06-28 12:08:03,182 ERROR [main] - System.err - at org.eclipse.swt.widgets.Control.WM_WINDOWPOSCHANGED(Control.java:5699)
2018-06-28 12:08:03,182 ERROR [main] - System.err - at org.eclipse.swt.widgets.Control.windowProc(Control.java:4887)
2018-06-28 12:08:03,182 ERROR [main] - System.err - at org.eclipse.swt.widgets.Display.windowProc(Display.java:5110)
2018-06-28 12:08:03,182 ERROR [main] - System.err - at org.eclipse.swt.internal.win32.OS.SetWindowPos(Native Method)
2018-06-28 12:08:03,182 ERROR [main] - System.err - at org.eclipse.swt.widgets.Widget.SetWindowPos(Widget.java:1482)
2018-06-28 12:08:03,182 ERROR [main] - System.err - at org.eclipse.swt.widgets.Control.setBoundsInPixels(Control.java:3259)
2018-06-28 12:08:03,182 ERROR [main] - System.err - at org.eclipse.swt.widgets.Composite.setBoundsInPixels(Composite.java:1102)
2018-06-28 12:08:03,182 ERROR [main] - System.err - at org.eclipse.swt.widgets.Control.setBoundsInPixels(Control.java:3220)
2018-06-28 12:08:03,182 ERROR [main] - System.err - at org.eclipse.swt.widgets.Control.setBoundsInPixels(Control.java:3216)
2018-06-28 12:08:03,183 ERROR [main] - System.err - at org.eclipse.swt.widgets.Control.setBoundsInPixels(Control.java:3292)
2018-06-28 12:08:03,183 ERROR [main] - System.err - at org.eclipse.swt.widgets.Control.setBounds(Control.java:3288)
2018-06-28 12:08:03,183 ERROR [main] - System.err - at org.eclipse.swt.custom.StackLayout.layout(StackLayout.java:123)
2018-06-28 12:08:03,183 ERROR [main] - System.err - at org.eclipse.swt.widgets.Composite.updateLayout(Composite.java:1386)
2018-06-28 12:08:03,183 ERROR [main] - System.err - at org.eclipse.swt.widgets.Composite.WM_SIZE(Composite.java:1797)
2018-06-28 12:08:03,183 ERROR [main] - System.err - at org.eclipse.swt.widgets.Control.windowProc(Control.java:4874)
2018-06-28 12:08:03,183 ERROR [main] - System.err - at org.eclipse.swt.widgets.Display.windowProc(Display.java:5110)
2018-06-28 12:08:03,183 ERROR [main] - System.err - at org.eclipse.swt.internal.win32.OS.DefWindowProcW(Native Method)
2018-06-28 12:08:03,183 ERROR [main] - System.err - at org.eclipse.swt.internal.win32.OS.DefWindowProc(OS.java:2547)
2018-06-28 12:08:03,183 ERROR [main] - System.err - at org.eclipse.swt.widgets.Scrollable.callWindowProc(Scrollable.java:88)
2018-06-28 12:08:03,183 ERROR [main] - System.err - at org.eclipse.swt.widgets.Control.WM_WINDOWPOSCHANGED(Control.java:5699)
2018-06-28 12:08:03,183 ERROR [main] - System.err - at org.eclipse.swt.widgets.Control.windowProc(Control.java:4887)
2018-06-28 12:08:03,183 ERROR [main] - System.err - at org.eclipse.swt.widgets.Display.windowProc(Display.java:5110)
2018-06-28 12:08:03,183 ERROR [main] - System.err - at org.eclipse.swt.internal.win32.OS.SetWindowPos(Native Method)
2018-06-28 12:08:03,183 ERROR [main] - System.err - at org.eclipse.swt.widgets.Widget.SetWindowPos(Widget.java:1482)
2018-06-28 12:08:03,184 ERROR [main] - System.err - at org.eclipse.swt.widgets.Control.setBoundsInPixels(Control.java:3259)
2018-06-28 12:08:03,185 ERROR [main] - System.err - at org.eclipse.swt.widgets.Composite.setBoundsInPixels(Composite.java:1102)
2018-06-28 12:08:03,185 ERROR [main] - System.err - at org.eclipse.swt.widgets.Control.setBoundsInPixels(Control.java:3220)
2018-06-28 12:08:03,185 ERROR [main] - System.err - at org.eclipse.swt.widgets.Control.setBoundsInPixels(Control.java:3216)
2018-06-28 12:08:03,185 ERROR [main] - System.err - at org.eclipse.swt.widgets.Control.setBoundsInPixels(Control.java:3292)
2018-06-28 12:08:03,185 ERROR [main] - System.err - at org.eclipse.swt.widgets.Control.setBounds(Control.java:3288)
2018-06-28 12:08:03,185 ERROR [main] - System.err - at org.eclipse.e4.ui.workbench.renderers.swt.SashLayout.setRectangle(SashLayout.java:301)
2018-06-28 12:08:03,185 ERROR [main] - System.err - at org.eclipse.e4.ui.workbench.renderers.swt.SashLayout.tileSubNodes(SashLayout.java:246)
2018-06-28 12:08:03,185 ERROR [main] - System.err - at org.eclipse.e4.ui.workbench.renderers.swt.SashLayout.tileSubNodes(SashLayout.java:289)
2018-06-28 12:08:03,185 ERROR [main] - System.err - at org.eclipse.e4.ui.workbench.renderers.swt.SashLayout.layout(SashLayout.java:163)
2018-06-28 12:08:03,186 ERROR [main] - System.err - at org.eclipse.swt.widgets.Composite.updateLayout(Composite.java:1386)
2018-06-28 12:08:03,186 ERROR [main] - System.err - at org.eclipse.swt.widgets.Composite.WM_SIZE(Composite.java:1797)
2018-06-28 12:08:03,186 ERROR [main] - System.err - at org.eclipse.swt.widgets.Control.windowProc(Control.java:4874)
2018-06-28 12:08:03,186 ERROR [main] - System.err - at org.eclipse.swt.widgets.Display.windowProc(Display.java:5110)
2018-06-28 12:08:03,186 ERROR [main] - System.err - at org.eclipse.swt.internal.win32.OS.DefWindowProcW(Native Method)
2018-06-28 12:08:03,186 ERROR [main] - System.err - at org.eclipse.swt.internal.win32.OS.DefWindowProc(OS.java:2547)
2018-06-28 12:08:03,186 ERROR [main] - System.err - at org.eclipse.swt.widgets.Scrollable.callWindowProc(Scrollable.java:88)
2018-06-28 12:08:03,186 ERROR [main] - System.err - at org.eclipse.swt.widgets.Control.WM_WINDOWPOSCHANGED(Control.java:5699)
2018-06-28 12:08:03,186 ERROR [main] - System.err - at org.eclipse.swt.widgets.Control.windowProc(Control.java:4887)
2018-06-28 12:08:03,186 ERROR [main] - System.err - at org.eclipse.swt.widgets.Display.windowProc(Display.java:5110)
2018-06-28 12:08:03,186 ERROR [main] - System.err - at org.eclipse.swt.internal.win32.OS.SetWindowPos(Native Method)
2018-06-28 12:08:03,186 ERROR [main] - System.err - at org.eclipse.swt.widgets.Widget.SetWindowPos(Widget.java:1482)
2018-06-28 12:08:03,186 ERROR [main] - System.err - at org.eclipse.swt.widgets.Control.setBoundsInPixels(Control.java:3259)
2018-06-28 12:08:03,186 ERROR [main] - System.err - at org.eclipse.swt.widgets.Composite.setBoundsInPixels(Composite.java:1102)
2018-06-28 12:08:03,186 ERROR [main] - System.err - at org.eclipse.swt.widgets.Control.setBoundsInPixels(Control.java:3220)
2018-06-28 12:08:03,186 ERROR [main] - System.err - at org.eclipse.swt.widgets.Control.setBoundsInPixels(Control.java:3216)
2018-06-28 12:08:03,187 ERROR [main] - System.err - at org.eclipse.swt.widgets.Control.setBounds(Control.java:3211)
2018-06-28 12:08:03,187 ERROR [main] - System.err - at org.eclipse.swt.layout.FillLayout.layout(FillLayout.java:204)
2018-06-28 12:08:03,187 ERROR [main] - System.err - at org.eclipse.swt.widgets.Composite.updateLayout(Composite.java:1386)
2018-06-28 12:08:03,187 ERROR [main] - System.err - at org.eclipse.swt.widgets.Composite.WM_SIZE(Composite.java:1797)
2018-06-28 12:08:03,187 ERROR [main] - System.err - at org.eclipse.swt.widgets.Control.windowProc(Control.java:4874)
2018-06-28 12:08:03,187 ERROR [main] - System.err - at org.eclipse.swt.widgets.Display.windowProc(Display.java:5110)
2018-06-28 12:08:03,187 ERROR [main] - System.err - at org.eclipse.swt.internal.win32.OS.DefWindowProcW(Native Method)
2018-06-28 12:08:03,187 ERROR [main] - System.err - at org.eclipse.swt.internal.win32.OS.DefWindowProc(OS.java:2547)
2018-06-28 12:08:03,187 ERROR [main] - System.err - at org.eclipse.swt.widgets.Scrollable.callWindowProc(Scrollable.java:88)
2018-06-28 12:08:03,187 ERROR [main] - System.err - at org.eclipse.swt.widgets.Control.WM_WINDOWPOSCHANGED(Control.java:5699)
2018-06-28 12:08:03,187 ERROR [main] - System.err - at org.eclipse.swt.widgets.Control.windowProc(Control.java:4887)
2018-06-28 12:08:03,187 ERROR [main] - System.err - at org.eclipse.swt.widgets.Display.windowProc(Display.java:5123)
2018-06-28 12:08:03,187 ERROR [main] - System.err - at org.eclipse.swt.internal.win32.OS.EndDeferWindowPos(Native Method)
2018-06-28 12:08:03,187 ERROR [main] - System.err - at org.eclipse.swt.widgets.Composite.resizeChildren(Composite.java:1030)
2018-06-28 12:08:03,187 ERROR [main] - System.err - at org.eclipse.swt.widgets.Composite.resizeChildren(Composite.java:996)
2018-06-28 12:08:03,188 ERROR [main] - System.err - at org.eclipse.swt.widgets.Composite.setResizeChildren(Composite.java:1210)
2018-06-28 12:08:03,188 ERROR [main] - System.err - at org.eclipse.swt.widgets.Composite.WM_SIZE(Composite.java:1801)
2018-06-28 12:08:03,188 ERROR [main] - System.err - at org.eclipse.swt.widgets.Canvas.WM_SIZE(Canvas.java:492)
2018-06-28 12:08:03,188 ERROR [main] - System.err - at org.eclipse.swt.widgets.Decorations.WM_SIZE(Decorations.java:1849)
2018-06-28 12:08:03,188 ERROR [main] - System.err - at org.eclipse.swt.widgets.Control.windowProc(Control.java:4874)
2018-06-28 12:08:03,188 ERROR [main] - System.err - at org.eclipse.swt.widgets.Canvas.windowProc(Canvas.java:359)
2018-06-28 12:08:03,188 ERROR [main] - System.err - at org.eclipse.swt.widgets.Decorations.windowProc(Decorations.java:1656)
2018-06-28 12:08:03,188 ERROR [main] - System.err - at org.eclipse.swt.widgets.Shell.windowProc(Shell.java:2199)
2018-06-28 12:08:03,188 ERROR [main] - System.err - at org.eclipse.swt.widgets.Display.windowProc(Display.java:5123)
2018-06-28 12:08:03,188 ERROR [main] - System.err - at org.eclipse.swt.internal.win32.OS.DefWindowProcW(Native Method)
2018-06-28 12:08:03,188 ERROR [main] - System.err - at org.eclipse.swt.internal.win32.OS.DefWindowProc(OS.java:2547)
2018-06-28 12:08:03,188 ERROR [main] - System.err - at org.eclipse.swt.widgets.Shell.callWindowProc(Shell.java:506)
2018-06-28 12:08:03,188 ERROR [main] - System.err - at org.eclipse.swt.widgets.Control.WM_WINDOWPOSCHANGED(Control.java:5699)
2018-06-28 12:08:03,188 ERROR [main] - System.err - at org.eclipse.swt.widgets.Canvas.WM_WINDOWPOSCHANGED(Canvas.java:499)
2018-06-28 12:08:03,188 ERROR [main] - System.err - at org.eclipse.swt.widgets.Control.windowProc(Control.java:4887)
2018-06-28 12:08:03,188 ERROR [main] - System.err - at org.eclipse.swt.widgets.Canvas.windowProc(Canvas.java:359)
2018-06-28 12:08:03,188 ERROR [main] - System.err - at org.eclipse.swt.widgets.Decorations.windowProc(Decorations.java:1656)
2018-06-28 12:08:03,188 ERROR [main] - System.err - at org.eclipse.swt.widgets.Shell.windowProc(Shell.java:2199)
2018-06-28 12:08:03,188 ERROR [main] - System.err - at org.eclipse.swt.widgets.Display.windowProc(Display.java:5110)
2018-06-28 12:08:03,188 ERROR [main] - System.err - at org.eclipse.swt.internal.win32.OS.SetMenu(Native Method)
2018-06-28 12:08:03,188 ERROR [main] - System.err - at org.eclipse.swt.widgets.Decorations.setMenuBar(Decorations.java:1187)
2018-06-28 12:08:03,188 ERROR [main] - System.err - at org.eclipse.swt.widgets.Menu.releaseParent(Menu.java:1206)
2018-06-28 12:08:03,189 ERROR [main] - System.err - at org.eclipse.swt.widgets.Widget.release(Widget.java:844)
2018-06-28 12:08:03,189 ERROR [main] - System.err - at org.eclipse.swt.widgets.Widget.dispose(Widget.java:460)
2018-06-28 12:08:03,189 ERROR [main] - System.err - at org.eclipse.e4.ui.workbench.renderers.swt.SWTPartRenderer.disposeWidget(SWTPartRenderer.java:176)
2018-06-28 12:08:03,189 ERROR [main] - System.err - at org.eclipse.e4.ui.internal.workbench.swt.PartRenderingEngine.safeRemoveGui(PartRenderingEngine.java:918)
2018-06-28 12:08:03,189 ERROR [main] - System.err - at org.eclipse.e4.ui.internal.workbench.swt.PartRenderingEngine.access$1(PartRenderingEngine.java:846)
2018-06-28 12:08:03,189 ERROR [main] - System.err - at org.eclipse.e4.ui.internal.workbench.swt.PartRenderingEngine$3.run(PartRenderingEngine.java:841)
2018-06-28 12:08:03,189 ERROR [main] - System.err - at org.eclipse.core.runtime.SafeRunner.run(SafeRunner.java:42)
2018-06-28 12:08:03,189 ERROR [main] - System.err - at org.eclipse.e4.ui.internal.workbench.swt.PartRenderingEngine.removeGui(PartRenderingEngine.java:825)
2018-06-28 12:08:03,189 ERROR [main] - System.err - at org.eclipse.ui.internal.WorkbenchWindow$1.handleEvent(WorkbenchWindow.java:322)
2018-06-28 12:08:03,189 ERROR [main] - System.err - at org.eclipse.e4.ui.services.internal.events.UIEventHandler$1.run(UIEventHandler.java:40)
2018-06-28 12:08:03,189 ERROR [main] - System.err - at org.eclipse.swt.widgets.Synchronizer.syncExec(Synchronizer.java:233)
2018-06-28 12:08:03,189 ERROR [main] - System.err - at org.eclipse.ui.internal.UISynchronizer.syncExec(UISynchronizer.java:145)
2018-06-28 12:08:03,189 ERROR [main] - System.err - at org.eclipse.swt.widgets.Display.syncExec(Display.java:4821)
2018-06-28 12:08:03,189 ERROR [main] - System.err - at org.eclipse.e4.ui.internal.workbench.swt.E4Application$1.syncExec(E4Application.java:211)
2018-06-28 12:08:03,189 ERROR [main] - System.err - at org.eclipse.e4.ui.services.internal.events.UIEventHandler.handleEvent(UIEventHandler.java:36)
2018-06-28 12:08:03,189 ERROR [main] - System.err - at org.eclipse.equinox.internal.event.EventHandlerWrapper.handleEvent(EventHandlerWrapper.java:201)
2018-06-28 12:08:03,189 ERROR [main] - System.err - at org.eclipse.equinox.internal.event.EventHandlerTracker.dispatchEvent(EventHandlerTracker.java:197)
2018-06-28 12:08:03,189 ERROR [main] - System.err - at org.eclipse.equinox.internal.event.EventHandlerTracker.dispatchEvent(EventHandlerTracker.java:1)
2018-06-28 12:08:03,189 ERROR [main] - System.err - at org.eclipse.osgi.framework.eventmgr.EventManager.dispatchEvent(EventManager.java:230)
2018-06-28 12:08:03,189 ERROR [main] - System.err - at org.eclipse.osgi.framework.eventmgr.ListenerQueue.dispatchEventSynchronous(ListenerQueue.java:148)
2018-06-28 12:08:03,189 ERROR [main] - System.err - at org.eclipse.equinox.internal.event.EventAdminImpl.dispatchEvent(EventAdminImpl.java:135)
2018-06-28 12:08:03,189 ERROR [main] - System.err - at org.eclipse.equinox.internal.event.EventAdminImpl.sendEvent(EventAdminImpl.java:78)
2018-06-28 12:08:03,189 ERROR [main] - System.err - at org.eclipse.equinox.internal.event.EventComponent.sendEvent(EventComponent.java:39)
2018-06-28 12:08:03,189 ERROR [main] - System.err - at org.eclipse.e4.ui.services.internal.events.EventBroker.send(EventBroker.java:94)
2018-06-28 12:08:03,190 ERROR [main] - System.err - at org.eclipse.e4.ui.internal.workbench.UIEventPublisher.notifyChanged(UIEventPublisher.java:60)
2018-06-28 12:08:03,190 ERROR [main] - System.err - at org.eclipse.emf.common.notify.impl.BasicNotifierImpl.eNotify(BasicNotifierImpl.java:374)
2018-06-28 12:08:03,190 ERROR [main] - System.err - at org.eclipse.e4.ui.model.application.ui.impl.UIElementImpl.setWidget(UIElementImpl.java:261)
2018-06-28 12:08:03,190 ERROR [main] - System.err - at org.eclipse.e4.ui.workbench.renderers.swt.SWTPartRenderer.unbindWidget(SWTPartRenderer.java:151)
2018-06-28 12:08:03,190 ERROR [main] - System.err - at org.eclipse.e4.ui.workbench.renderers.swt.SWTPartRenderer$1.widgetDisposed(SWTPartRenderer.java:139)
2018-06-28 12:08:03,190 ERROR [main] - System.err - at org.eclipse.swt.widgets.TypedListener.handleEvent(TypedListener.java:124)
2018-06-28 12:08:03,190 ERROR [main] - System.err - at org.eclipse.swt.widgets.EventTable.sendEvent(EventTable.java:84)
2018-06-28 12:08:03,190 ERROR [main] - System.err - at org.eclipse.swt.widgets.Display.sendEvent(Display.java:4418)
2018-06-28 12:08:03,190 ERROR [main] - System.err - at org.eclipse.swt.widgets.Widget.sendEvent(Widget.java:1079)
2018-06-28 12:08:03,190 ERROR [main] - System.err - at org.eclipse.swt.widgets.Widget.sendEvent(Widget.java:1103)
2018-06-28 12:08:03,190 ERROR [main] - System.err - at org.eclipse.swt.widgets.Widget.sendEvent(Widget.java:1084)
2018-06-28 12:08:03,190 ERROR [main] - System.err - at org.eclipse.swt.widgets.Widget.release(Widget.java:836)
2018-06-28 12:08:03,190 ERROR [main] - System.err - at org.eclipse.swt.widgets.Widget.dispose(Widget.java:460)
2018-06-28 12:08:03,190 ERROR [main] - System.err - at org.eclipse.swt.widgets.Decorations.dispose(Decorations.java:459)
2018-06-28 12:08:03,190 ERROR [main] - System.err - at org.eclipse.swt.widgets.Shell.dispose(Shell.java:737)
2018-06-28 12:08:03,190 ERROR [main] - System.err - at org.eclipse.swt.widgets.Display.release(Display.java:3875)
2018-06-28 12:08:03,190 ERROR [main] - System.err - at org.eclipse.swt.graphics.Device.dispose(Device.java:298)
2018-06-28 12:08:03,190 ERROR [main] - System.err - at org.eclipse.swt.widgets.Display.messageProc(Display.java:3358)
2018-06-28 12:08:03,190 ERROR [main] - System.err - at org.eclipse.swt.internal.win32.OS.DefWindowProcW(Native Method)
2018-06-28 12:08:03,190 ERROR [main] - System.err - at org.eclipse.swt.internal.win32.OS.DefWindowProc(OS.java:2547)
2018-06-28 12:08:03,190 ERROR [main] - System.err - at org.eclipse.swt.widgets.Shell.callWindowProc(Shell.java:506)
2018-06-28 12:08:03,191 ERROR [main] - System.err - at org.eclipse.swt.widgets.Control.windowProc(Control.java:4897)
2018-06-28 12:08:03,191 ERROR [main] - System.err - at org.eclipse.swt.widgets.Canvas.windowProc(Canvas.java:359)
2018-06-28 12:08:03,191 ERROR [main] - System.err - at org.eclipse.swt.widgets.Decorations.windowProc(Decorations.java:1656)
2018-06-28 12:08:03,191 ERROR [main] - System.err - at org.eclipse.swt.widgets.Shell.windowProc(Shell.java:2199)
2018-06-28 12:08:03,191 ERROR [main] - System.err - at org.eclipse.swt.widgets.Display.windowProc(Display.java:5110)
2018-06-28 12:08:03,191 ERROR [main] - System.err - at org.eclipse.swt.internal.win32.OS.PeekMessageW(Native Method)
2018-06-28 12:08:03,191 ERROR [main] - System.err - at org.eclipse.swt.internal.win32.OS.PeekMessage(OS.java:3144)
2018-06-28 12:08:03,191 ERROR [main] - System.err - at org.eclipse.swt.widgets.Display.readAndDispatch(Display.java:3819)
2018-06-28 12:08:03,191 ERROR [main] - System.err - at org.eclipse.jface.window.Window.runEventLoop(Window.java:818)
2018-06-28 12:08:03,191 ERROR [main] - System.err - at org.eclipse.jface.window.Window.open(Window.java:794)
2018-06-28 12:08:03,191 ERROR [main] - System.err - at org.eclipse.jface.dialogs.MessageDialog.open(MessageDialog.java:396)
2018-06-28 12:08:03,191 ERROR [main] - System.err - at org.eclipse.jface.dialogs.MessageDialogWithToggle.open(MessageDialogWithToggle.java:115)
2018-06-28 12:08:03,191 ERROR [main] - System.err - at org.eclipse.jface.dialogs.MessageDialogWithToggle.openOkCancelConfirm(MessageDialogWithToggle.java:210)
2018-06-28 12:08:03,191 ERROR [main] - System.err - at org.eclipse.ui.internal.ide.application.IDEWorkbenchWindowAdvisor.promptOnExit(IDEWorkbenchWindowAdvisor.java:213)
2018-06-28 12:08:03,191 ERROR [main] - System.err - at org.eclipse.ui.internal.ide.application.IDEWorkbenchAdvisor$1.handleEvent(IDEWorkbenchAdvisor.java:165)
2018-06-28 12:08:03,191 ERROR [main] - System.err - at org.eclipse.swt.widgets.EventTable.sendEvent(EventTable.java:84)
2018-06-28 12:08:03,191 ERROR [main] - System.err - at org.eclipse.swt.widgets.Display.sendEvent(Display.java:4418)
2018-06-28 12:08:03,191 ERROR [main] - System.err - at org.eclipse.swt.widgets.Display.sendEvent(Display.java:4410)
2018-06-28 12:08:03,191 ERROR [main] - System.err - at org.eclipse.swt.widgets.Display.messageProc(Display.java:3371)
2018-06-28 12:08:03,191 ERROR [main] - System.err - at org.eclipse.swt.internal.win32.OS.DefWindowProcW(Native Method)
2018-06-28 12:08:03,191 ERROR [main] - System.err - at org.eclipse.swt.internal.win32.OS.DefWindowProc(OS.java:2547)
2018-06-28 12:08:03,191 ERROR [main] - System.err - at org.eclipse.swt.widgets.Shell.callWindowProc(Shell.java:506)
2018-06-28 12:08:03,191 ERROR [main] - System.err - at org.eclipse.swt.widgets.Control.windowProc(Control.java:4897)
2018-06-28 12:08:03,191 ERROR [main] - System.err - at org.eclipse.swt.widgets.Canvas.windowProc(Canvas.java:359)
2018-06-28 12:08:03,191 ERROR [main] - System.err - at org.eclipse.swt.widgets.Decorations.windowProc(Decorations.java:1656)
2018-06-28 12:08:03,191 ERROR [main] - System.err - at org.eclipse.swt.widgets.Shell.windowProc(Shell.java:2199)
2018-06-28 12:08:03,191 ERROR [main] - System.err - at org.eclipse.swt.widgets.Display.windowProc(Display.java:5123)
2018-06-28 12:08:03,191 ERROR [main] - System.err - at org.eclipse.swt.internal.win32.OS.PeekMessageW(Native Method)
2018-06-28 12:08:03,191 ERROR [main] - System.err - at org.eclipse.swt.internal.win32.OS.PeekMessage(OS.java:3144)
2018-06-28 12:08:03,191 ERROR [main] - System.err - at org.eclipse.swt.widgets.Display.readAndDispatch(Display.java:3819)
2018-06-28 12:08:03,192 ERROR [main] - System.err - at org.eclipse.e4.ui.internal.workbench.swt.PartRenderingEngine$4.run(PartRenderingEngine.java:1121)
2018-06-28 12:08:03,192 ERROR [main] - System.err - at org.eclipse.core.databinding.observable.Realm.runWithDefault(Realm.java:336)
2018-06-28 12:08:03,192 ERROR [main] - System.err - at org.eclipse.e4.ui.internal.workbench.swt.PartRenderingEngine.run(PartRenderingEngine.java:1022)
2018-06-28 12:08:03,192 ERROR [main] - System.err - at org.eclipse.e4.ui.internal.workbench.E4Workbench.createAndRunUI(E4Workbench.java:150)
2018-06-28 12:08:03,192 ERROR [main] - System.err - at org.eclipse.ui.internal.Workbench$5.run(Workbench.java:693)
2018-06-28 12:08:03,192 ERROR [main] - System.err - at org.eclipse.core.databinding.observable.Realm.runWithDefault(Realm.java:336)
2018-06-28 12:08:03,192 ERROR [main] - System.err - at org.eclipse.ui.internal.Workbench.createAndRunWorkbench(Workbench.java:610)
2018-06-28 12:08:03,192 ERROR [main] - System.err - at org.eclipse.ui.PlatformUI.createAndRunWorkbench(PlatformUI.java:148)
2018-06-28 12:08:03,192 ERROR [main] - System.err - at org.eclipse.ui.internal.ide.application.IDEApplication.start(IDEApplication.java:138)
2018-06-28 12:08:03,192 ERROR [main] - System.err - at org.eclipse.equinox.internal.app.EclipseAppHandle.run(EclipseAppHandle.java:196)
2018-06-28 12:08:03,192 ERROR [main] - System.err - at org.eclipse.core.runtime.internal.adaptor.EclipseAppLauncher.runApplication(EclipseAppLauncher.java:134)
2018-06-28 12:08:03,192 ERROR [main] - System.err - at org.eclipse.core.runtime.internal.adaptor.EclipseAppLauncher.start(EclipseAppLauncher.java:104)
2018-06-28 12:08:03,192 ERROR [main] - System.err - at org.eclipse.core.runtime.adaptor.EclipseStarter.run(EclipseStarter.java:388)
2018-06-28 12:08:03,192 ERROR [main] - System.err - at org.eclipse.core.runtime.adaptor.EclipseStarter.run(EclipseStarter.java:243)
2018-06-28 12:08:03,192 ERROR [main] - System.err - at sun.reflect.NativeMethodAccessorImpl.invoke0(Native Method)
2018-06-28 12:08:03,192 ERROR [main] - System.err - at sun.reflect.NativeMethodAccessorImpl.invoke(Unknown Source)
2018-06-28 12:08:03,192 ERROR [main] - System.err - at sun.reflect.DelegatingMethodAccessorImpl.invoke(Unknown Source)
2018-06-28 12:08:03,192 ERROR [main] - System.err - at java.lang.reflect.Method.invoke(Unknown Source)
2018-06-28 12:08:03,192 ERROR [main] - System.err - at org.eclipse.equinox.launcher.Main.invokeFramework(Main.java:673)
2018-06-28 12:08:03,192 ERROR [main] - System.err - at org.eclipse.equinox.launcher.Main.basicRun(Main.java:610)
2018-06-28 12:08:03,192 ERROR [main] - System.err - at org.eclipse.equinox.launcher.Main.run(Main.java:1519)
